Flow report for toplevel_rv32i
Fri Dec 05 17:35:42 2025
Quartus II Version 9.1 Build 350 03/24/2010 Service Pack 2 SJ Web Edition


---------------------
; Table of Contents ;
---------------------
  1. Legal Notice
  2. Flow Summary
  3. Flow Settings
  4. Flow Non-Default Global Settings
  5. Flow Elapsed Time
  6. Flow OS Summary
  7. Flow Log



----------------
; Legal Notice ;
----------------
Copyright (C) 1991-2010 Altera Corporation
Your use of Altera Corporation's design tools, logic functions 
and other software and tools, and its AMPP partner logic 
functions, and any output files from any of the foregoing 
(including device programming or simulation files), and any 
associated documentation or information are expressly subject 
to the terms and conditions of the Altera Program License 
Subscription Agreement, Altera MegaCore Function License 
Agreement, or other applicable license agreement, including, 
without limitation, that your use is for the sole purpose of 
programming logic devices manufactured by Altera and sold by 
Altera or its authorized distributors.  Please refer to the 
applicable agreement for further details.



+------------------------------------------------------------------------------+
; Flow Summary                                                                 ;
+-------------------------------+----------------------------------------------+
; Flow Status                   ; Successful - Fri Dec 05 17:35:42 2025        ;
; Quartus II Version            ; 9.1 Build 350 03/24/2010 SP 2 SJ Web Edition ;
; Revision Name                 ; toplevel_rv32i                               ;
; Top-level Entity Name         ; toplevel_rv32i                               ;
; Family                        ; Stratix II                                   ;
; Met timing requirements       ; Yes                                          ;
; Logic utilization             ; 19 %                                         ;
;     Combinational ALUTs       ; 1,549 / 12,480 ( 12 % )                      ;
;     Dedicated logic registers ; 1,027 / 12,480 ( 8 % )                       ;
; Total registers               ; 1027                                         ;
; Total pins                    ; 354 / 367 ( 96 % )                           ;
; Total virtual pins            ; 0                                            ;
; Total block memory bits       ; 9,216 / 419,328 ( 2 % )                      ;
; DSP block 9-bit elements      ; 0 / 96 ( 0 % )                               ;
; Total PLLs                    ; 0 / 6 ( 0 % )                                ;
; Total DLLs                    ; 0 / 2 ( 0 % )                                ;
; Device                        ; EP2S15F672C3                                 ;
; Timing Models                 ; Final                                        ;
+-------------------------------+----------------------------------------------+


+-----------------------------------------+
; Flow Settings                           ;
+-------------------+---------------------+
; Option            ; Setting             ;
+-------------------+---------------------+
; Start date & time ; 12/05/2025 17:31:05 ;
; Main task         ; Compilation         ;
; Revision Name     ; toplevel_rv32i      ;
+-------------------+---------------------+


+---------------------------------------------------------------------------------------------------------------------+
; Flow Non-Default Global Settings                                                                                    ;
+------------------------------------+---------------------------------+---------------+-------------+----------------+
; Assignment Name                    ; Value                           ; Default Value ; Entity Name ; Section Id     ;
+------------------------------------+---------------------------------+---------------+-------------+----------------+
; COMPILER_SIGNATURE_ID              ; 246337691496570.176493066533972 ; --            ; --          ; --             ;
; PARTITION_COLOR                    ; 16764057                        ; --            ; --          ; Top            ;
; PARTITION_NETLIST_TYPE             ; SOURCE                          ; --            ; --          ; Top            ;
; USE_GENERATED_PHYSICAL_CONSTRAINTS ; Off                             ; --            ; --          ; eda_blast_fpga ;
+------------------------------------+---------------------------------+---------------+-------------+----------------+


+-----------------------------------------------------------------------------------------------------------------------------+
; Flow Elapsed Time                                                                                                           ;
+-------------------------+--------------+-------------------------+---------------------+------------------------------------+
; Module Name             ; Elapsed Time ; Average Processors Used ; Peak Virtual Memory ; Total CPU Time (on all processors) ;
+-------------------------+--------------+-------------------------+---------------------+------------------------------------+
; Analysis & Synthesis    ; 00:00:14     ; 1.0                     ; 244 MB              ; 00:00:13                           ;
; Fitter                  ; 00:00:13     ; 1.0                     ; 275 MB              ; 00:00:13                           ;
; Assembler               ; 00:00:02     ; 1.0                     ; 240 MB              ; 00:00:01                           ;
; Classic Timing Analyzer ; 00:00:04     ; 1.0                     ; 219 MB              ; 00:00:04                           ;
; Classic Timing Analyzer ; 00:00:06     ; 1.0                     ; 230 MB              ; 00:00:07                           ;
; Total                   ; 00:00:39     ; --                      ; --                  ; 00:00:38                           ;
+-------------------------+--------------+-------------------------+---------------------+------------------------------------+


+------------------------------------------------------------------------------------------+
; Flow OS Summary                                                                          ;
+-------------------------+------------------+---------------+------------+----------------+
; Module Name             ; Machine Hostname ; OS Name       ; OS Version ; Processor type ;
+-------------------------+------------------+---------------+------------+----------------+
; Analysis & Synthesis    ; RANANTALDEN      ; Windows Vista ; 6.2        ; x86_64         ;
; Fitter                  ; RANANTALDEN      ; Windows Vista ; 6.2        ; x86_64         ;
; Assembler               ; RANANTALDEN      ; Windows Vista ; 6.2        ; x86_64         ;
; Classic Timing Analyzer ; RANANTALDEN      ; Windows Vista ; 6.2        ; x86_64         ;
; Classic Timing Analyzer ; RANANTALDEN      ; Windows Vista ; 6.2        ; x86_64         ;
+-------------------------+------------------+---------------+------------+----------------+


------------
; Flow Log ;
------------
quartus_map --read_settings_files=on --write_settings_files=off toplevel_rv32i -c toplevel_rv32i
quartus_fit --read_settings_files=off --write_settings_files=off toplevel_rv32i -c toplevel_rv32i
quartus_asm --read_settings_files=off --write_settings_files=off toplevel_rv32i -c toplevel_rv32i
quartus_tan --read_settings_files=off --write_settings_files=off toplevel_rv32i -c toplevel_rv32i --timing_analysis_only
quartus_tan --read_settings_files=on --write_settings_files=off toplevel_rv32i -c toplevel_rv32i



